[1/10] Performing build step for 'bootloader'
[1/1] cmd.exe /C "cd /D C:\Espressif\frameworks\esp-idf-v5.2.2\projects\DS18B20Driver\build\bootloader\esp-idf\esptool_py && C:\Espressif\python_env\idf5.2_py3.11_env\Scripts\python.exe C:/Espressif/frameworks/esp-idf-v5.2.2/components/partition_table/check_sizes.py --offset 0x8000 bootloader 0x1000 C:/Espressif/frameworks/esp-idf-v5.2.2/projects/DS18B20Driver/build/bootloader/bootloader.bin"
Bootloader binary size 0x6860 bytes. 0x7a0 bytes (7%) free.
[2/8] Building C object esp-idf/main/CMakeFiles/__idf_main.dir/main.c.obj
[3/8] Building C object esp-idf/main/CMakeFiles/__idf_main.dir/DS18B20.c.obj
[4/8] Linking C static library esp-idf\main\libmain.a
[5/8] Generating ld/sections.ld
[6/8] Linking CXX executable app-template.elf
FAILED: app-template.elf 
cmd.exe /C "cd . && C:\Espressif\tools\xtensa-esp-elf\esp-13.2.0_20230928\xtensa-esp-elf\bin\xtensa-esp32-elf-g++.exe -mlongcalls -Wno-frame-address  -fno-builtin-memcpy -fno-builtin-memset -fno-builtin-bzero -fno-builtin-stpcpy -fno-builtin-strncpy -Wl,--cref -Wl,--defsym=IDF_TARGET_ESP32=0 -Wl,--Map=C:/Espressif/frameworks/esp-idf-v5.2.2/projects/DS18B20Driver/build/app-template.map -Wl,--no-warn-rwx-segments -fno-rtti -fno-lto -Wl,--gc-sections -Wl,--warn-common -T esp32.peripherals.ld -T esp32.rom.ld -T esp32.rom.api.ld -T esp32.rom.libgcc.ld -T esp32.rom.newlib-data.ld -T esp32.rom.syscalls.ld -T esp32.rom.newlib-funcs.ld -T memory.ld -T sections.ld @CMakeFiles\app-template.elf.rsp -o app-template.elf  && cd ."
C:/Espressif/tools/xtensa-esp-elf/esp-13.2.0_20230928/xtensa-esp-elf/bin/../lib/gcc/xtensa-esp-elf/13.2.0/../../../../xtensa-esp-elf/bin/ld.exe: esp-idf/main/libmain.a(DS18B20.c.obj):C:/Espressif/frameworks/esp-idf-v5.2.2/projects/DS18B20Driver/main/DS18B20.h:45: multiple definition of `FIRST'; esp-idf/main/libmain.a(main.c.obj):C:/Espressif/frameworks/esp-idf-v5.2.2/projects/DS18B20Driver/main/DS18B20.h:45: first defined here
C:/Espressif/tools/xtensa-esp-elf/esp-13.2.0_20230928/xtensa-esp-elf/bin/../lib/gcc/xtensa-esp-elf/13.2.0/../../../../xtensa-esp-elf/bin/ld.exe: esp-idf/main/libmain.a(DS18B20.c.obj):C:/Espressif/frameworks/esp-idf-v5.2.2/projects/DS18B20Driver/main/DS18B20.h:46: multiple definition of `LAST_DISCREPANCY'; esp-idf/main/libmain.a(main.c.obj):C:/Espressif/frameworks/esp-idf-v5.2.2/projects/DS18B20Driver/main/DS18B20.h:46: first defined here
C:/Espressif/tools/xtensa-esp-elf/esp-13.2.0_20230928/xtensa-esp-elf/bin/../lib/gcc/xtensa-esp-elf/13.2.0/../../../../xtensa-esp-elf/bin/ld.exe: esp-idf/main/libmain.a(DS18B20.c.obj):C:/Espressif/frameworks/esp-idf-v5.2.2/projects/DS18B20Driver/main/DS18B20.h:47: multiple definition of `LAST_FAMILY_DISCREPANCY'; esp-idf/main/libmain.a(main.c.obj):C:/Espressif/frameworks/esp-idf-v5.2.2/projects/DS18B20Driver/main/DS18B20.h:47: first defined here
C:/Espressif/tools/xtensa-esp-elf/esp-13.2.0_20230928/xtensa-esp-elf/bin/../lib/gcc/xtensa-esp-elf/13.2.0/../../../../xtensa-esp-elf/bin/ld.exe: esp-idf/main/libmain.a(DS18B20.c.obj):C:/Espressif/frameworks/esp-idf-v5.2.2/projects/DS18B20Driver/main/DS18B20.h:48: multiple definition of `LAST_DEVICE_FLAG'; esp-idf/main/libmain.a(main.c.obj):C:/Espressif/frameworks/esp-idf-v5.2.2/projects/DS18B20Driver/main/DS18B20.h:48: first defined here
C:/Espressif/tools/xtensa-esp-elf/esp-13.2.0_20230928/xtensa-esp-elf/bin/../lib/gcc/xtensa-esp-elf/13.2.0/../../../../xtensa-esp-elf/bin/ld.exe: esp-idf/main/libmain.a(DS18B20.c.obj):C:/Espressif/frameworks/esp-idf-v5.2.2/projects/DS18B20Driver/main/DS18B20.h:16: multiple definition of `ROM_NO'; esp-idf/main/libmain.a(main.c.obj):C:/Espressif/frameworks/esp-idf-v5.2.2/projects/DS18B20Driver/main/DS18B20.h:16: first defined here
C:/Espressif/tools/xtensa-esp-elf/esp-13.2.0_20230928/xtensa-esp-elf/bin/../lib/gcc/xtensa-esp-elf/13.2.0/../../../../xtensa-esp-elf/bin/ld.exe: esp-idf/main/libmain.a(DS18B20.c.obj):C:/Espressif/frameworks/esp-idf-v5.2.2/projects/DS18B20Driver/main/DS18B20.h:20: multiple definition of `ROM_SLAVE'; esp-idf/main/libmain.a(main.c.obj):C:/Espressif/frameworks/esp-idf-v5.2.2/projects/DS18B20Driver/main/DS18B20.h:20: first defined here
collect2.exe: error: ld returned 1 exit status
ninja: build stopped: subcommand failed.
